c:\users\itamars\source\repos\ass\ass\debug\vc141.pdb
c:\users\itamars\source\repos\ass\ass\debug\vc141.idb
c:\users\itamars\source\repos\ass\ass\debug\assembler.obj
c:\users\itamars\source\repos\ass\ass\debug\label_handler.obj
c:\users\itamars\source\repos\ass\ass\debug\utils.obj
c:\users\itamars\source\repos\ass\ass\debug\test.obj
c:\users\roy\onedrive\documents\university\סמסטר א שנה ג\מבנה המחשב\project\debug\vc141.pdb
c:\users\roy\onedrive\documents\university\סמסטר א שנה ג\מבנה המחשב\project\debug\vc141.idb
c:\users\roy\onedrive\documents\university\סמסטר א שנה ג\מבנה המחשב\project\debug\assembler.obj
c:\users\roy\onedrive\documents\university\סמסטר א שנה ג\מבנה המחשב\project\debug\label_handler.obj
c:\users\roy\onedrive\documents\university\סמסטר א שנה ג\מבנה המחשב\project\debug\utils.obj
c:\users\roy\onedrive\documents\university\סמסטר א שנה ג\מבנה המחשב\project\debug\test.obj
c:\users\itamars\source\repos\ass\ass\debug\ass.ilk
c:\users\itamars\source\repos\ass\ass\debug\ass.exe
c:\users\itamars\source\repos\ass\ass\debug\ass.pdb
c:\users\roy\onedrive\documents\university\סמסטר א שנה ג\מבנה המחשב\project\debug\ass.pdb
c:\users\roy\onedrive\documents\university\סמסטר א שנה ג\מבנה המחשב\project\debug\ass.tlog\cl.command.1.tlog
c:\users\roy\onedrive\documents\university\סמסטר א שנה ג\מבנה המחשב\project\debug\ass.tlog\cl.read.1.tlog
c:\users\roy\onedrive\documents\university\סמסטר א שנה ג\מבנה המחשב\project\debug\ass.tlog\cl.write.1.tlog
c:\users\roy\onedrive\documents\university\סמסטר א שנה ג\מבנה המחשב\project\debug\ass.tlog\link.command.1.tlog
c:\users\roy\onedrive\documents\university\סמסטר א שנה ג\מבנה המחשב\project\debug\ass.tlog\link.read.1.tlog
c:\users\roy\onedrive\documents\university\סמסטר א שנה ג\מבנה המחשב\project\debug\ass.tlog\link.write.1.tlog
